\BOOKMARK [1][-]{section.1}{Project Introduction}{}
\BOOKMARK [1][-]{section.2}{Task Description and Requirements}{}
\BOOKMARK [2][-]{subsection.2.1}{Description}{section.2}
\BOOKMARK [2][-]{subsection.2.2}{Requirements}{section.2}
\BOOKMARK [1][-]{section.3}{Project Management}{}
\BOOKMARK [2][-]{subsection.3.1}{Team Organization}{section.3}
\BOOKMARK [3][-]{subsubsection.3.1.1}{Team Structure}{subsection.3.1}
\BOOKMARK [3][-]{subsubsection.3.1.2}{Team communication}{subsection.3.1}
\BOOKMARK [2][-]{subsection.3.2}{Risk Assesment}{section.3}
\BOOKMARK [2][-]{subsection.3.3}{Process Evaluation}{section.3}
\BOOKMARK [2][-]{subsection.3.4}{Progress tracking and Documentation}{section.3}
\BOOKMARK [1][-]{section.4}{Development Methodology}{}
\BOOKMARK [2][-]{subsection.4.1}{Project Organization}{section.4}
\BOOKMARK [2][-]{subsection.4.2}{Software project life cycle}{section.4}
\BOOKMARK [2][-]{subsection.4.3}{System Technology}{section.4}
\BOOKMARK [1][-]{section.5}{Prestudy}{}
\BOOKMARK [2][-]{subsection.5.1}{Server side Architecture}{section.5}
\BOOKMARK [2][-]{subsection.5.2}{Client side Architecture}{section.5}
\BOOKMARK [2][-]{subsection.5.3}{Alternative solutions}{section.5}
\BOOKMARK [1][-]{section.6}{Design}{}
\BOOKMARK [2][-]{subsection.6.1}{Client Side}{section.6}
\BOOKMARK [3][-]{subsubsection.6.1.1}{Introduction}{subsection.6.1}
\BOOKMARK [3][-]{subsubsection.6.1.2}{Use Cases}{subsection.6.1}
\BOOKMARK [3][-]{subsubsection.6.1.3}{Data Flow}{subsection.6.1}
\BOOKMARK [3][-]{subsubsection.6.1.4}{Architecture}{subsection.6.1}
\BOOKMARK [3][-]{subsubsection.6.1.5}{Sequence Diagrams}{subsection.6.1}
\BOOKMARK [2][-]{subsection.6.2}{Server Side}{section.6}
\BOOKMARK [3][-]{subsubsection.6.2.1}{Introduction}{subsection.6.2}
\BOOKMARK [3][-]{subsubsection.6.2.2}{Use Cases}{subsection.6.2}
\BOOKMARK [3][-]{subsubsection.6.2.3}{Description of ESB concepts}{subsection.6.2}
\BOOKMARK [3][-]{subsubsection.6.2.4}{Dataflow}{subsection.6.2}
\BOOKMARK [3][-]{subsubsection.6.2.5}{Extensions to the ESB}{subsection.6.2}
\BOOKMARK [3][-]{subsubsection.6.2.6}{Sequence Diagrams}{subsection.6.2}
\BOOKMARK [3][-]{subsubsection.6.2.7}{Configuration of the ESB}{subsection.6.2}
\BOOKMARK [3][-]{subsubsection.6.2.8}{Modification of the ESB}{subsection.6.2}
\BOOKMARK [1][-]{section.7}{Implementation}{}
\BOOKMARK [1][-]{section.8}{Testing}{}
\BOOKMARK [2][-]{subsection.8.1}{Unit testing}{section.8}
\BOOKMARK [2][-]{subsection.8.2}{Integration testing}{section.8}
\BOOKMARK [2][-]{subsection.8.3}{System testing}{section.8}
\BOOKMARK [1][-]{section.9}{Results}{}
\BOOKMARK [1][-]{section.10}{Conclusion}{}
\BOOKMARK [2][-]{subsection.10.1}{Project accomplishments}{section.10}
\BOOKMARK [2][-]{subsection.10.2}{Future Work}{section.10}
\BOOKMARK [1][-]{section.11}{Project Evaluation}{}
\BOOKMARK [1][-]{appendix.A}{Work Breakdown Structure}{}
\BOOKMARK [1][-]{appendix.B}{File Attachments}{}
\BOOKMARK [1][-]{appendix.B}{Glossary}{}
\BOOKMARK [1][-]{section*.5}{Bibliography}{}
