\BOOKMARK [1][-]{section.1}{Project Introduction}{}
\BOOKMARK [1][-]{section.2}{Task Description and Requirements}{}
\BOOKMARK [2][-]{subsection.2.1}{Description}{section.2}
\BOOKMARK [2][-]{subsection.2.2}{Requirements}{section.2}
\BOOKMARK [1][-]{section.3}{Project Management}{}
\BOOKMARK [2][-]{subsection.3.1}{Team Organization}{section.3}
\BOOKMARK [2][-]{subsection.3.2}{Risk Assesment}{section.3}
\BOOKMARK [2][-]{subsection.3.3}{Process Evaluation}{section.3}
\BOOKMARK [1][-]{section.4}{Project Methodology}{}
\BOOKMARK [2][-]{subsection.4.1}{Project Organization}{section.4}
\BOOKMARK [2][-]{subsection.4.2}{Tools}{section.4}
\BOOKMARK [1][-]{section.5}{Prestudy}{}
\BOOKMARK [2][-]{subsection.5.1}{Server side Architecture}{section.5}
\BOOKMARK [2][-]{subsection.5.2}{Client side Architecture}{section.5}
\BOOKMARK [2][-]{subsection.5.3}{Alternative solutions}{section.5}
\BOOKMARK [1][-]{section.6}{Design}{}
\BOOKMARK [1][-]{section.7}{Implementation}{}
\BOOKMARK [1][-]{section.8}{Testing}{}
\BOOKMARK [1][-]{section.9}{Results}{}
\BOOKMARK [1][-]{section.10}{Conclusion}{}
\BOOKMARK [2][-]{subsection.10.1}{Future Work}{section.10}
\BOOKMARK [1][-]{section.11}{Project Evaluation}{}
\BOOKMARK [1][-]{appendix.A}{Techical Glossary}{}
